conv1a_new 8704
conv2a 221312
conv3a 884992
conv3b 1769728
conv4a 3539456
conv4b 7078400
conv5a 7078400
conv5b 7078400
fc6 33558528
fc7 16781312
conv1a_new 8704
conv2a 221312
conv3a 884992
conv3b 1769728
conv4a 3539456
conv4b 7078400
conv5a 7078400
conv5b 7078400
fc6 33558528
fc7 16781312
conv1a_new 8704
conv2a 221312
conv3a 884992
conv3b 1769728
conv4a 3539456
conv4b 7078400
conv5a 7078400
conv5b 7078400
fc6 33558528
fc7 16781312
conv1a_new 8704
conv2a 221312
conv3a 884992
conv3b 1769728
conv4a 3539456
conv4b 7078400
conv5a 7078400
conv5b 7078400
fc6 33558528
fc7 16781312
fc8 4137061
conv1a_new 8704
conv2a 221312
conv3a 884992
conv3b 1769728
conv4a 3539456
conv4b 7078400
conv5a 7078400
conv5b 7078400
fc6 33558528
fc7 16781312
fc8 4137061
conv1a_new 8704
conv2a 221312
conv3a 884992
conv3b 1769728
conv4a 3539456
conv4b 7078400
conv5a 7078400
conv5b 7078400
fc6 33558528
fc7 16781312
fc8 4137061
